app/build/intermediates/manifest_merge_blame_file/debug/manifest-merger-blame-debug-report.txt
1<?xml version="1.0" encoding="utf-8"?>
2<manifest xmlns:android="http://schemas.android.com/apk/res/android"
3    package="com.example.real"
4    android:versionCode="1"
5    android:versionName="1.0" >
6
7    <uses-sdk
8        android:minSdkVersion="21"
8-->src\main\AndroidManifest.xml
9        android:targetSdkVersion="29" />
9-->src\main\AndroidManifest.xml
10
11    <uses-permission android:name="android.permission.INTERNET" />
11-->src\main\AndroidManifest.xml:6:5-67
11-->src\main\AndroidManifest.xml:6:22-64
12    <uses-permission android:name="android.permission.ACCESS_FINE_LOCATION" />
12-->src\main\AndroidManifest.xml:7:5-78
12-->src\main\AndroidManifest.xml:7:22-76
13    <uses-permission android:name="android.permission.ACCESS_COARSE_LOCATION" />
13-->src\main\AndroidManifest.xml:8:5-80
13-->src\main\AndroidManifest.xml:8:22-78
14
15    <!-- Although the *SdkVersion is captured in gradle build files, this is required for non gradle builds -->
16    <!-- <uses-sdk android:minSdkVersion="14" /> -->
17    <uses-permission android:name="android.permission.ACCESS_NETWORK_STATE" />
17-->[com.google.firebase:firebase-firestore:20.0.0] AndroidManifest.xml:13:5-79
17-->[com.google.firebase:firebase-firestore:20.0.0] AndroidManifest.xml:13:22-76
18    <uses-permission android:name="android.permission.WAKE_LOCK" /> <!-- Required by older versions of Google Play services to create IID tokens -->
18-->[com.google.android.gms:play-services-measurement-api:17.2.0] AndroidManifest.xml:24:5-68
18-->[com.google.android.gms:play-services-measurement-api:17.2.0] AndroidManifest.xml:24:22-65
19    <uses-permission android:name="com.google.android.c2dm.permission.RECEIVE" />
19-->[com.google.firebase:firebase-iid:19.0.0] AndroidManifest.xml:26:5-82
19-->[com.google.firebase:firebase-iid:19.0.0] AndroidManifest.xml:26:22-79
20    <uses-permission android:name="com.google.android.finsky.permission.BIND_GET_INSTALL_REFERRER_SERVICE" />
20-->[com.google.android.gms:play-services-measurement:17.2.0] AndroidManifest.xml:26:5-110
20-->[com.google.android.gms:play-services-measurement:17.2.0] AndroidManifest.xml:26:22-107
21
22    <application
22-->src\main\AndroidManifest.xml:10:5-31:19
23        android:allowBackup="true"
23-->src\main\AndroidManifest.xml:11:9-35
24        android:appComponentFactory="androidx.core.app.CoreComponentFactory"
24-->[androidx.core:core:1.1.0] AndroidManifest.xml:24:18-86
25        android:debuggable="true"
26        android:icon="@mipmap/ic_launcher"
26-->src\main\AndroidManifest.xml:12:9-43
27        android:label="@string/app_name"
27-->src\main\AndroidManifest.xml:13:9-41
28        android:roundIcon="@mipmap/ic_launcher_round"
28-->src\main\AndroidManifest.xml:14:9-54
29        android:supportsRtl="true"
29-->src\main\AndroidManifest.xml:15:9-35
30        android:theme="@style/AppTheme" >
30-->src\main\AndroidManifest.xml:16:9-40
31        <activity android:name="com.example.real.Chat.Chat_list" />
31-->src\main\AndroidManifest.xml:18:9-61
31-->src\main\AndroidManifest.xml:18:19-49
32        <activity android:name="com.example.real.Main.MainActivity" >
32-->src\main\AndroidManifest.xml:19:9-25:20
32-->src\main\AndroidManifest.xml:19:19-52
33            <intent-filter>
33-->src\main\AndroidManifest.xml:20:13-24:29
34                <action android:name="android.intent.action.MAIN" />
34-->src\main\AndroidManifest.xml:21:17-69
34-->src\main\AndroidManifest.xml:21:25-66
35
36                <category android:name="android.intent.category.LAUNCHER" />
36-->src\main\AndroidManifest.xml:23:17-77
36-->src\main\AndroidManifest.xml:23:27-74
37            </intent-filter>
38        </activity>
39        <activity android:name="com.example.real.Login.login" />
39-->src\main\AndroidManifest.xml:26:9-49
39-->src\main\AndroidManifest.xml:26:19-46
40        <activity android:name="com.example.real.Login.Signup" />
40-->src\main\AndroidManifest.xml:27:9-50
40-->src\main\AndroidManifest.xml:27:19-47
41        <activity android:name="com.example.real.Main.Main_with_login" />
41-->src\main\AndroidManifest.xml:28:9-58
41-->src\main\AndroidManifest.xml:28:19-55
42        <activity android:name="com.example.real.Board.Board" />
42-->src\main\AndroidManifest.xml:29:9-49
42-->src\main\AndroidManifest.xml:29:19-46
43        <activity android:name="com.example.real.Board.Board_write" />
43-->src\main\AndroidManifest.xml:30:9-55
43-->src\main\AndroidManifest.xml:30:19-52
44        <activity
44-->[com.google.firebase:firebase-auth:19.0.0] AndroidManifest.xml:24:9-31:50
45            android:name="com.google.firebase.auth.internal.FederatedSignInActivity"
45-->[com.google.firebase:firebase-auth:19.0.0] AndroidManifest.xml:25:13-85
46            android:excludeFromRecents="true"
46-->[com.google.firebase:firebase-auth:19.0.0] AndroidManifest.xml:26:13-46
47            android:exported="true"
47-->[com.google.firebase:firebase-auth:19.0.0] AndroidManifest.xml:27:13-36
48            android:launchMode="singleTask"
48-->[com.google.firebase:firebase-auth:19.0.0] AndroidManifest.xml:28:13-44
49            android:permission="com.google.firebase.auth.api.gms.permission.LAUNCH_FEDERATED_SIGN_IN"
49-->[com.google.firebase:firebase-auth:19.0.0] AndroidManifest.xml:29:13-102
50            android:theme="@android:style/Theme.Translucent.NoTitleBar" />
50-->[com.google.firebase:firebase-auth:19.0.0] AndroidManifest.xml:30:13-72
51
52        <service
52-->[com.google.firebase:firebase-auth:19.0.0] AndroidManifest.xml:33:9-39:19
53            android:name="com.google.firebase.components.ComponentDiscoveryService"
53-->[com.google.firebase:firebase-auth:19.0.0] AndroidManifest.xml:34:13-84
54            android:exported="false" >
54-->[com.google.firebase:firebase-auth:19.0.0] AndroidManifest.xml:35:13-37
55            <meta-data
55-->[com.google.firebase:firebase-auth:19.0.0] AndroidManifest.xml:36:13-38:85
56                android:name="com.google.firebase.components:com.google.firebase.auth.FirebaseAuthRegistrar"
56-->[com.google.firebase:firebase-auth:19.0.0] AndroidManifest.xml:37:17-109
57                android:value="com.google.firebase.components.ComponentRegistrar" />
57-->[com.google.firebase:firebase-auth:19.0.0] AndroidManifest.xml:38:17-82
58            <meta-data
58-->[com.google.firebase:firebase-firestore:20.0.0] AndroidManifest.xml:20:13-22:85
59                android:name="com.google.firebase.components:com.google.firebase.firestore.FirestoreRegistrar"
59-->[com.google.firebase:firebase-firestore:20.0.0] AndroidManifest.xml:21:17-111
60                android:value="com.google.firebase.components.ComponentRegistrar" />
60-->[com.google.firebase:firebase-firestore:20.0.0] AndroidManifest.xml:22:17-82
61            <meta-data
61-->[com.google.android.gms:play-services-measurement-api:17.2.0] AndroidManifest.xml:30:13-32:85
62                android:name="com.google.firebase.components:com.google.firebase.analytics.connector.internal.AnalyticsConnectorRegistrar"
62-->[com.google.android.gms:play-services-measurement-api:17.2.0] AndroidManifest.xml:31:17-139
63                android:value="com.google.firebase.components.ComponentRegistrar" />
63-->[com.google.android.gms:play-services-measurement-api:17.2.0] AndroidManifest.xml:32:17-82
64            <meta-data
64-->[com.google.firebase:firebase-iid:19.0.0] AndroidManifest.xml:32:13-34:85
65                android:name="com.google.firebase.components:com.google.firebase.iid.Registrar"
65-->[com.google.firebase:firebase-iid:19.0.0] AndroidManifest.xml:33:17-96
66                android:value="com.google.firebase.components.ComponentRegistrar" />
66-->[com.google.firebase:firebase-iid:19.0.0] AndroidManifest.xml:34:17-82
67        </service>
68
69        <receiver
69-->[com.google.firebase:firebase-iid:19.0.0] AndroidManifest.xml:37:9-44:20
70            android:name="com.google.firebase.iid.FirebaseInstanceIdReceiver"
70-->[com.google.firebase:firebase-iid:19.0.0] AndroidManifest.xml:38:13-78
71            android:exported="true"
71-->[com.google.firebase:firebase-iid:19.0.0] AndroidManifest.xml:39:13-36
72            android:permission="com.google.android.c2dm.permission.SEND" >
72-->[com.google.firebase:firebase-iid:19.0.0] AndroidManifest.xml:40:13-73
73            <intent-filter>
73-->[com.google.firebase:firebase-iid:19.0.0] AndroidManifest.xml:41:13-43:29
74                <action android:name="com.google.android.c2dm.intent.RECEIVE" />
74-->[com.google.firebase:firebase-iid:19.0.0] AndroidManifest.xml:42:17-81
74-->[com.google.firebase:firebase-iid:19.0.0] AndroidManifest.xml:42:25-78
75            </intent-filter>
76        </receiver>
77
78        <activity
78-->[com.google.android.gms:play-services-base:17.1.0] AndroidManifest.xml:23:9-26:75
79            android:name="com.google.android.gms.common.api.GoogleApiActivity"
79-->[com.google.android.gms:play-services-base:17.1.0] AndroidManifest.xml:24:13-79
80            android:exported="false"
80-->[com.google.android.gms:play-services-base:17.1.0] AndroidManifest.xml:25:13-37
81            android:theme="@android:style/Theme.Translucent.NoTitleBar" />
81-->[com.google.android.gms:play-services-base:17.1.0] AndroidManifest.xml:26:13-72
82
83        <provider
83-->[com.google.firebase:firebase-common:19.0.0] AndroidManifest.xml:12:9-16:39
84            android:name="com.google.firebase.provider.FirebaseInitProvider"
84-->[com.google.firebase:firebase-common:19.0.0] AndroidManifest.xml:13:13-77
85            android:authorities="com.example.real.firebaseinitprovider"
85-->[com.google.firebase:firebase-common:19.0.0] AndroidManifest.xml:14:13-72
86            android:exported="false"
86-->[com.google.firebase:firebase-common:19.0.0] AndroidManifest.xml:15:13-37
87            android:initOrder="100" />
87-->[com.google.firebase:firebase-common:19.0.0] AndroidManifest.xml:16:13-36
88
89        <receiver
89-->[com.google.android.gms:play-services-measurement:17.2.0] AndroidManifest.xml:29:9-33:20
90            android:name="com.google.android.gms.measurement.AppMeasurementReceiver"
90-->[com.google.android.gms:play-services-measurement:17.2.0] AndroidManifest.xml:30:13-85
91            android:enabled="true"
91-->[com.google.android.gms:play-services-measurement:17.2.0] AndroidManifest.xml:31:13-35
92            android:exported="false" >
92-->[com.google.android.gms:play-services-measurement:17.2.0] AndroidManifest.xml:32:13-37
93        </receiver>
94        <receiver
94-->[com.google.android.gms:play-services-measurement:17.2.0] AndroidManifest.xml:34:9-42:20
95            android:name="com.google.android.gms.measurement.AppMeasurementInstallReferrerReceiver"
95-->[com.google.android.gms:play-services-measurement:17.2.0] AndroidManifest.xml:35:13-100
96            android:enabled="true"
96-->[com.google.android.gms:play-services-measurement:17.2.0] AndroidManifest.xml:36:13-35
97            android:exported="true"
97-->[com.google.android.gms:play-services-measurement:17.2.0] AndroidManifest.xml:37:13-36
98            android:permission="android.permission.INSTALL_PACKAGES" >
98-->[com.google.android.gms:play-services-measurement:17.2.0] AndroidManifest.xml:38:13-69
99            <intent-filter>
99-->[com.google.android.gms:play-services-measurement:17.2.0] AndroidManifest.xml:39:13-41:29
100                <action android:name="com.android.vending.INSTALL_REFERRER" />
100-->[com.google.android.gms:play-services-measurement:17.2.0] AndroidManifest.xml:40:17-79
100-->[com.google.android.gms:play-services-measurement:17.2.0] AndroidManifest.xml:40:25-76
101            </intent-filter>
102        </receiver>
103
104        <service
104-->[com.google.android.gms:play-services-measurement:17.2.0] AndroidManifest.xml:44:9-47:40
105            android:name="com.google.android.gms.measurement.AppMeasurementService"
105-->[com.google.android.gms:play-services-measurement:17.2.0] AndroidManifest.xml:45:13-84
106            android:enabled="true"
106-->[com.google.android.gms:play-services-measurement:17.2.0] AndroidManifest.xml:46:13-35
107            android:exported="false" />
107-->[com.google.android.gms:play-services-measurement:17.2.0] AndroidManifest.xml:47:13-37
108        <service
108-->[com.google.android.gms:play-services-measurement:17.2.0] AndroidManifest.xml:48:9-52:72
109            android:name="com.google.android.gms.measurement.AppMeasurementJobService"
109-->[com.google.android.gms:play-services-measurement:17.2.0] AndroidManifest.xml:49:13-87
110            android:enabled="true"
110-->[com.google.android.gms:play-services-measurement:17.2.0] AndroidManifest.xml:50:13-35
111            android:exported="false"
111-->[com.google.android.gms:play-services-measurement:17.2.0] AndroidManifest.xml:51:13-37
112            android:permission="android.permission.BIND_JOB_SERVICE" />
112-->[com.google.android.gms:play-services-measurement:17.2.0] AndroidManifest.xml:52:13-69
113
114        <meta-data
114-->[com.google.android.gms:play-services-basement:17.0.0] AndroidManifest.xml:23:9-25:69
115            android:name="com.google.android.gms.version"
115-->[com.google.android.gms:play-services-basement:17.0.0] AndroidManifest.xml:24:13-58
116            android:value="@integer/google_play_services_version" />
116-->[com.google.android.gms:play-services-basement:17.0.0] AndroidManifest.xml:25:13-66
117    </application>
118
119</manifest>